<?xml version="1.0" encoding="UTF-8"?>
<coverage generated="1757428217094" clover="3.2.0">
  <project timestamp="1757428217094" name="All files">
    <metrics statements="44" coveredstatements="44" conditionals="21" coveredconditionals="20" methods="17" coveredmethods="17" elements="82" coveredelements="81" complexity="0" loc="44" ncloc="44" packages="2" files="5" classes="5"/>
    <package name="src">
      <metrics statements="11" coveredstatements="11" conditionals="0" coveredconditionals="0" methods="4" coveredmethods="4"/>
      <file name="App.jsx" path="C:\Users\Saguna Nathani\Desktop\VS code Carrer Foundry\meetup-react-app\src\App.jsx">
        <metrics statements="11" coveredstatements="11" conditionals="0" coveredconditionals="0" methods="4" coveredmethods="4"/>
        <line num="8" count="3" type="stmt"/>
        <line num="9" count="3" type="stmt"/>
        <line num="11" count="3" type="stmt"/>
        <line num="13" count="3" type="stmt"/>
        <line num="14" count="1" type="stmt"/>
        <line num="15" count="1" type="stmt"/>
        <line num="16" count="1" type="stmt"/>
        <line num="18" count="1" type="stmt"/>
        <line num="21" count="32" type="stmt"/>
        <line num="22" count="3" type="stmt"/>
        <line num="24" count="3" type="stmt"/>
      </file>
    </package>
    <package name="src.components">
      <metrics statements="33" coveredstatements="33" conditionals="21" coveredconditionals="20" methods="13" coveredmethods="13"/>
      <file name="CitySearch.jsx" path="C:\Users\Saguna Nathani\Desktop\VS code Carrer Foundry\meetup-react-app\src\components\CitySearch.jsx">
        <metrics statements="18" coveredstatements="18" conditionals="12" coveredconditionals="11" methods="7" coveredmethods="7"/>
        <line num="5" count="11" type="stmt"/>
        <line num="10" count="11" type="stmt"/>
        <line num="11" count="52" type="stmt"/>
        <line num="15" count="52" type="cond" truecount="1" falsecount="1"/>
        <line num="16" count="135" type="stmt"/>
        <line num="20" count="52" type="cond" truecount="2" falsecount="0"/>
        <line num="24" count="51" type="stmt"/>
        <line num="28" count="11" type="stmt"/>
        <line num="29" count="2" type="cond" truecount="2" falsecount="0"/>
        <line num="30" count="2" type="stmt"/>
        <line num="31" count="2" type="stmt"/>
        <line num="35" count="66" type="stmt"/>
        <line num="36" count="66" type="cond" truecount="2" falsecount="0"/>
        <line num="38" count="66" type="stmt"/>
        <line num="53" count="42" type="stmt"/>
        <line num="56" count="1" type="stmt"/>
        <line num="63" count="1" type="stmt"/>
        <line num="74" count="2" type="stmt"/>
      </file>
      <file name="Event.jsx" path="C:\Users\Saguna Nathani\Desktop\VS code Carrer Foundry\meetup-react-app\src\components\Event.jsx">
        <metrics statements="5" coveredstatements="5" conditionals="9" coveredconditionals="9" methods="2" coveredmethods="2"/>
        <line num="5" count="8" type="stmt"/>
        <line num="7" count="8" type="cond" truecount="2" falsecount="0"/>
        <line num="11" count="8" type="stmt"/>
        <line num="20" count="2" type="stmt"/>
        <line num="31" count="1" type="stmt"/>
      </file>
      <file name="EventList.jsx" path="C:\Users\Saguna Nathani\Desktop\VS code Carrer Foundry\meetup-react-app\src\components\EventList.jsx">
        <metrics statements="4" coveredstatements="4" conditionals="0" coveredconditionals="0" methods="2" coveredmethods="2"/>
        <line num="3" count="2" type="stmt"/>
        <line num="4" count="4" type="stmt"/>
        <line num="7" count="12" type="stmt"/>
        <line num="22" count="2" type="stmt"/>
      </file>
      <file name="NumberOfEvents.jsx" path="C:\Users\Saguna Nathani\Desktop\VS code Carrer Foundry\meetup-react-app\src\components\NumberOfEvents.jsx">
        <metrics statements="6" coveredstatements="6" conditionals="0" coveredconditionals="0" methods="2" coveredmethods="2"/>
        <line num="3" count="2" type="stmt"/>
        <line num="4" count="7" type="stmt"/>
        <line num="5" count="4" type="stmt"/>
        <line num="6" count="4" type="stmt"/>
        <line num="9" count="7" type="stmt"/>
        <line num="23" count="2" type="stmt"/>
      </file>
    </package>
  </project>
</coverage>
