{"C:\\Users\\Saguna Nathani\\Desktop\\VS code Carrer Foundry\\meetup-react-app\\src\\App.jsx": {"path":"C:\\Users\\Saguna Nathani\\Desktop\\VS code Carrer Foundry\\meetup-react-app\\src\\App.jsx","statementMap":{"0":{"start":{"line":8,"column":30},"end":{"line":8,"column":42}},"1":{"start":{"line":9,"column":38},"end":{"line":9,"column":50}},"2":{"start":{"line":11,"column":40},"end":{"line":11,"column":55}},"3":{"start":{"line":13,"column":2},"end":{"line":19,"column":9}},"4":{"start":{"line":14,"column":24},"end":{"line":17,"column":5}},"5":{"start":{"line":15,"column":24},"end":{"line":15,"column":41}},"6":{"start":{"line":16,"column":6},"end":{"line":16,"column":27}},"7":{"start":{"line":18,"column":4},"end":{"line":18,"column":18}},"8":{"start":{"line":21,"column":23},"end":{"line":21,"column":74}},"9":{"start":{"line":21,"column":57},"end":{"line":21,"column":71}},"10":{"start":{"line":22,"column":26},"end":{"line":22,"column":53}},"11":{"start":{"line":24,"column":2},"end":{"line":37,"column":4}}},"fnMap":{"0":{"name":"App","decl":{"start":{"line":7,"column":9},"end":{"line":7,"column":12}},"loc":{"start":{"line":7,"column":15},"end":{"line":38,"column":1}},"line":7},"1":{"name":"(anonymous_1)","decl":{"start":{"line":13,"column":12},"end":{"line":13,"column":13}},"loc":{"start":{"line":13,"column":18},"end":{"line":19,"column":3}},"line":13},"2":{"name":"(anonymous_2)","decl":{"start":{"line":14,"column":24},"end":{"line":14,"column":25}},"loc":{"start":{"line":14,"column":36},"end":{"line":17,"column":5}},"line":14},"3":{"name":"(anonymous_3)","decl":{"start":{"line":21,"column":46},"end":{"line":21,"column":47}},"loc":{"start":{"line":21,"column":57},"end":{"line":21,"column":71}},"line":21}},"branchMap":{},"s":{"0":3,"1":3,"2":3,"3":3,"4":1,"5":1,"6":1,"7":1,"8":3,"9":32,"10":3,"11":3},"f":{"0":3,"1":1,"2":1,"3":32},"b":{},"_coverageSchema":"1a1c01bbd47fc00a2c39e90264f33305004495a9","hash":"fc6c6736dbfd394ef8fb81c7b30fc51e28ef5dcc"}
,"C:\\Users\\Saguna Nathani\\Desktop\\VS code Carrer Foundry\\meetup-react-app\\src\\components\\CitySearch.jsx": {"path":"C:\\Users\\Saguna Nathani\\Desktop\\VS code Carrer Foundry\\meetup-react-app\\src\\components\\CitySearch.jsx","statementMap":{"0":{"start":{"line":5,"column":10},"end":{"line":8,"column":3}},"1":{"start":{"line":10,"column":23},"end":{"line":26,"column":3}},"2":{"start":{"line":11,"column":18},"end":{"line":11,"column":36}},"3":{"start":{"line":15,"column":6},"end":{"line":17,"column":13}},"4":{"start":{"line":16,"column":8},"end":{"line":16,"column":60}},"5":{"start":{"line":20,"column":4},"end":{"line":25,"column":5}},"6":{"start":{"line":24,"column":6},"end":{"line":24,"column":44}},"7":{"start":{"line":28,"column":28},"end":{"line":32,"column":3}},"8":{"start":{"line":29,"column":25},"end":{"line":29,"column":77}},"9":{"start":{"line":30,"column":4},"end":{"line":30,"column":60}},"10":{"start":{"line":31,"column":4},"end":{"line":31,"column":42}},"11":{"start":{"line":35,"column":35},"end":{"line":35,"column":45}},"12":{"start":{"line":36,"column":28},"end":{"line":36,"column":70}},"13":{"start":{"line":38,"column":4},"end":{"line":70,"column":6}},"14":{"start":{"line":53,"column":14},"end":{"line":59,"column":19}},"15":{"start":{"line":56,"column":31},"end":{"line":56,"column":69}},"16":{"start":{"line":63,"column":29},"end":{"line":63,"column":75}},"17":{"start":{"line":74,"column":0},"end":{"line":77,"column":2}}},"fnMap":{"0":{"name":"(anonymous_0)","decl":{"start":{"line":10,"column":23},"end":{"line":10,"column":24}},"loc":{"start":{"line":10,"column":34},"end":{"line":26,"column":3}},"line":10},"1":{"name":"(anonymous_1)","decl":{"start":{"line":15,"column":35},"end":{"line":15,"column":36}},"loc":{"start":{"line":16,"column":8},"end":{"line":16,"column":60}},"line":16},"2":{"name":"(anonymous_2)","decl":{"start":{"line":28,"column":28},"end":{"line":28,"column":29}},"loc":{"start":{"line":28,"column":44},"end":{"line":32,"column":3}},"line":28},"3":{"name":"(anonymous_3)","decl":{"start":{"line":34,"column":2},"end":{"line":34,"column":3}},"loc":{"start":{"line":34,"column":11},"end":{"line":71,"column":3}},"line":34},"4":{"name":"(anonymous_4)","decl":{"start":{"line":52,"column":29},"end":{"line":52,"column":30}},"loc":{"start":{"line":53,"column":14},"end":{"line":59,"column":19}},"line":53},"5":{"name":"(anonymous_5)","decl":{"start":{"line":56,"column":25},"end":{"line":56,"column":26}},"loc":{"start":{"line":56,"column":31},"end":{"line":56,"column":69}},"line":56},"6":{"name":"(anonymous_6)","decl":{"start":{"line":63,"column":23},"end":{"line":63,"column":24}},"loc":{"start":{"line":63,"column":29},"end":{"line":63,"column":75}},"line":63}},"branchMap":{"0":{"loc":{"start":{"line":15,"column":6},"end":{"line":17,"column":13}},"type":"binary-expr","locations":[{"start":{"line":15,"column":6},"end":{"line":17,"column":7}},{"start":{"line":17,"column":11},"end":{"line":17,"column":13}}],"line":15},"1":{"loc":{"start":{"line":20,"column":4},"end":{"line":25,"column":5}},"type":"if","locations":[{"start":{"line":20,"column":4},"end":{"line":25,"column":5}},{"start":{},"end":{}}],"line":20},"2":{"loc":{"start":{"line":21,"column":6},"end":{"line":22,"column":58}},"type":"binary-expr","locations":[{"start":{"line":21,"column":6},"end":{"line":21,"column":32}},{"start":{"line":22,"column":6},"end":{"line":22,"column":58}}],"line":21},"3":{"loc":{"start":{"line":29,"column":25},"end":{"line":29,"column":77}},"type":"cond-expr","locations":[{"start":{"line":29,"column":59},"end":{"line":29,"column":64}},{"start":{"line":29,"column":67},"end":{"line":29,"column":77}}],"line":29},"4":{"loc":{"start":{"line":36,"column":28},"end":{"line":36,"column":70}},"type":"binary-expr","locations":[{"start":{"line":36,"column":28},"end":{"line":36,"column":44}},{"start":{"line":36,"column":48},"end":{"line":36,"column":70}}],"line":36},"5":{"loc":{"start":{"line":50,"column":9},"end":{"line":68,"column":9}},"type":"binary-expr","locations":[{"start":{"line":50,"column":9},"end":{"line":50,"column":24}},{"start":{"line":51,"column":10},"end":{"line":67,"column":15}}],"line":50}},"s":{"0":11,"1":11,"2":52,"3":52,"4":135,"5":52,"6":51,"7":11,"8":2,"9":2,"10":2,"11":66,"12":66,"13":66,"14":42,"15":1,"16":1,"17":2},"f":{"0":52,"1":135,"2":2,"3":66,"4":42,"5":1,"6":1},"b":{"0":[52,0],"1":[51,1],"2":[52,7],"3":[1,1],"4":[66,20],"5":[66,53]},"_coverageSchema":"1a1c01bbd47fc00a2c39e90264f33305004495a9","hash":"94a89924248cb2b0c8539105994ec68d6c517d4f"}
,"C:\\Users\\Saguna Nathani\\Desktop\\VS code Carrer Foundry\\meetup-react-app\\src\\components\\Event.jsx": {"path":"C:\\Users\\Saguna Nathani\\Desktop\\VS code Carrer Foundry\\meetup-react-app\\src\\components\\Event.jsx","statementMap":{"0":{"start":{"line":5,"column":40},"end":{"line":5,"column":55}},"1":{"start":{"line":7,"column":21},"end":{"line":9,"column":26}},"2":{"start":{"line":11,"column":2},"end":{"line":28,"column":4}},"3":{"start":{"line":20,"column":23},"end":{"line":20,"column":51}},"4":{"start":{"line":31,"column":0},"end":{"line":42,"column":2}}},"fnMap":{"0":{"name":"Event","decl":{"start":{"line":4,"column":9},"end":{"line":4,"column":14}},"loc":{"start":{"line":4,"column":26},"end":{"line":29,"column":1}},"line":4},"1":{"name":"(anonymous_1)","decl":{"start":{"line":20,"column":17},"end":{"line":20,"column":18}},"loc":{"start":{"line":20,"column":23},"end":{"line":20,"column":51}},"line":20}},"branchMap":{"0":{"loc":{"start":{"line":7,"column":21},"end":{"line":9,"column":26}},"type":"cond-expr","locations":[{"start":{"line":8,"column":6},"end":{"line":8,"column":53}},{"start":{"line":9,"column":6},"end":{"line":9,"column":26}}],"line":7},"1":{"loc":{"start":{"line":16,"column":9},"end":{"line":16,"column":51}},"type":"binary-expr","locations":[{"start":{"line":16,"column":9},"end":{"line":16,"column":23}},{"start":{"line":16,"column":27},"end":{"line":16,"column":51}}],"line":16},"2":{"loc":{"start":{"line":22,"column":9},"end":{"line":22,"column":54}},"type":"cond-expr","locations":[{"start":{"line":22,"column":23},"end":{"line":22,"column":37}},{"start":{"line":22,"column":40},"end":{"line":22,"column":54}}],"line":22},"3":{"loc":{"start":{"line":24,"column":7},"end":{"line":26,"column":7}},"type":"binary-expr","locations":[{"start":{"line":24,"column":7},"end":{"line":24,"column":18}},{"start":{"line":24,"column":22},"end":{"line":24,"column":39}},{"start":{"line":25,"column":8},"end":{"line":25,"column":64}}],"line":24}},"s":{"0":8,"1":8,"2":8,"3":2,"4":1},"f":{"0":8,"1":2},"b":{"0":[7,1],"1":[8,1],"2":[1,7],"3":[8,1,1]},"_coverageSchema":"1a1c01bbd47fc00a2c39e90264f33305004495a9","hash":"b61fbc45a20f496ceae75c9a79a487780e1db7c1"}
,"C:\\Users\\Saguna Nathani\\Desktop\\VS code Carrer Foundry\\meetup-react-app\\src\\components\\EventList.jsx": {"path":"C:\\Users\\Saguna Nathani\\Desktop\\VS code Carrer Foundry\\meetup-react-app\\src\\components\\EventList.jsx","statementMap":{"0":{"start":{"line":3,"column":18},"end":{"line":20,"column":1}},"1":{"start":{"line":4,"column":2},"end":{"line":19,"column":4}},"2":{"start":{"line":7,"column":8},"end":{"line":16,"column":13}},"3":{"start":{"line":22,"column":0},"end":{"line":34,"column":2}}},"fnMap":{"0":{"name":"(anonymous_0)","decl":{"start":{"line":3,"column":18},"end":{"line":3,"column":19}},"loc":{"start":{"line":3,"column":34},"end":{"line":20,"column":1}},"line":3},"1":{"name":"(anonymous_1)","decl":{"start":{"line":6,"column":18},"end":{"line":6,"column":19}},"loc":{"start":{"line":7,"column":8},"end":{"line":16,"column":13}},"line":7}},"branchMap":{},"s":{"0":2,"1":4,"2":12,"3":2},"f":{"0":4,"1":12},"b":{},"_coverageSchema":"1a1c01bbd47fc00a2c39e90264f33305004495a9","hash":"ba40482f4822d462cf831397403b79017762c2ce"}
,"C:\\Users\\Saguna Nathani\\Desktop\\VS code Carrer Foundry\\meetup-react-app\\src\\components\\NumberOfEvents.jsx": {"path":"C:\\Users\\Saguna Nathani\\Desktop\\VS code Carrer Foundry\\meetup-react-app\\src\\components\\NumberOfEvents.jsx","statementMap":{"0":{"start":{"line":3,"column":23},"end":{"line":21,"column":1}},"1":{"start":{"line":4,"column":23},"end":{"line":7,"column":3}},"2":{"start":{"line":5,"column":18},"end":{"line":5,"column":44}},"3":{"start":{"line":6,"column":4},"end":{"line":6,"column":26}},"4":{"start":{"line":9,"column":2},"end":{"line":20,"column":4}},"5":{"start":{"line":23,"column":0},"end":{"line":26,"column":2}}},"fnMap":{"0":{"name":"(anonymous_0)","decl":{"start":{"line":3,"column":23},"end":{"line":3,"column":24}},"loc":{"start":{"line":3,"column":55},"end":{"line":21,"column":1}},"line":3},"1":{"name":"(anonymous_1)","decl":{"start":{"line":4,"column":23},"end":{"line":4,"column":24}},"loc":{"start":{"line":4,"column":34},"end":{"line":7,"column":3}},"line":4}},"branchMap":{},"s":{"0":2,"1":7,"2":4,"3":4,"4":7,"5":2},"f":{"0":7,"1":4},"b":{},"_coverageSchema":"1a1c01bbd47fc00a2c39e90264f33305004495a9","hash":"22501decd99ad32d9e2b560190432d5bac76edcb"}
}
