{"C:\\Users\\Saguna Nathani\\Desktop\\VS code Carrer Foundry\\meetup-react-app\\src\\App.jsx": {"path":"C:\\Users\\Saguna Nathani\\Desktop\\VS code Carrer Foundry\\meetup-react-app\\src\\App.jsx","statementMap":{"0":{"start":{"line":8,"column":30},"end":{"line":8,"column":42}},"1":{"start":{"line":9,"column":38},"end":{"line":9,"column":50}},"2":{"start":{"line":11,"column":40},"end":{"line":11,"column":55}},"3":{"start":{"line":13,"column":2},"end":{"line":19,"column":9}},"4":{"start":{"line":14,"column":24},"end":{"line":17,"column":5}},"5":{"start":{"line":15,"column":24},"end":{"line":15,"column":41}},"6":{"start":{"line":16,"column":6},"end":{"line":16,"column":27}},"7":{"start":{"line":18,"column":4},"end":{"line":18,"column":18}},"8":{"start":{"line":21,"column":23},"end":{"line":21,"column":74}},"9":{"start":{"line":21,"column":57},"end":{"line":21,"column":71}},"10":{"start":{"line":22,"column":26},"end":{"line":22,"column":53}},"11":{"start":{"line":24,"column":2},"end":{"line":38,"column":4}}},"fnMap":{"0":{"name":"App","decl":{"start":{"line":7,"column":9},"end":{"line":7,"column":12}},"loc":{"start":{"line":7,"column":15},"end":{"line":39,"column":1}},"line":7},"1":{"name":"(anonymous_1)","decl":{"start":{"line":13,"column":12},"end":{"line":13,"column":13}},"loc":{"start":{"line":13,"column":18},"end":{"line":19,"column":3}},"line":13},"2":{"name":"(anonymous_2)","decl":{"start":{"line":14,"column":24},"end":{"line":14,"column":25}},"loc":{"start":{"line":14,"column":36},"end":{"line":17,"column":5}},"line":14},"3":{"name":"(anonymous_3)","decl":{"start":{"line":21,"column":46},"end":{"line":21,"column":47}},"loc":{"start":{"line":21,"column":57},"end":{"line":21,"column":71}},"line":21}},"branchMap":{},"s":{"0":3,"1":3,"2":3,"3":3,"4":1,"5":1,"6":1,"7":1,"8":3,"9":32,"10":3,"11":3},"f":{"0":3,"1":1,"2":1,"3":32},"b":{},"_coverageSchema":"1a1c01bbd47fc00a2c39e90264f33305004495a9","hash":"f98b86f0a996b0ada775076c2f495374f3069840"}
,"C:\\Users\\Saguna Nathani\\Desktop\\VS code Carrer Foundry\\meetup-react-app\\src\\components\\CitySearch.jsx": {"path":"C:\\Users\\Saguna Nathani\\Desktop\\VS code Carrer Foundry\\meetup-react-app\\src\\components\\CitySearch.jsx","statementMap":{"0":{"start":{"line":7,"column":10},"end":{"line":10,"column":3}},"1":{"start":{"line":12,"column":23},"end":{"line":28,"column":3}},"2":{"start":{"line":13,"column":18},"end":{"line":13,"column":36}},"3":{"start":{"line":17,"column":6},"end":{"line":19,"column":13}},"4":{"start":{"line":18,"column":8},"end":{"line":18,"column":60}},"5":{"start":{"line":22,"column":4},"end":{"line":27,"column":5}},"6":{"start":{"line":26,"column":6},"end":{"line":26,"column":44}},"7":{"start":{"line":30,"column":28},"end":{"line":34,"column":3}},"8":{"start":{"line":31,"column":25},"end":{"line":31,"column":77}},"9":{"start":{"line":32,"column":4},"end":{"line":32,"column":60}},"10":{"start":{"line":33,"column":4},"end":{"line":33,"column":42}},"11":{"start":{"line":37,"column":35},"end":{"line":37,"column":45}},"12":{"start":{"line":38,"column":28},"end":{"line":38,"column":70}},"13":{"start":{"line":40,"column":4},"end":{"line":72,"column":6}},"14":{"start":{"line":55,"column":14},"end":{"line":61,"column":19}},"15":{"start":{"line":58,"column":31},"end":{"line":58,"column":69}},"16":{"start":{"line":65,"column":29},"end":{"line":65,"column":75}},"17":{"start":{"line":76,"column":0},"end":{"line":79,"column":2}}},"fnMap":{"0":{"name":"(anonymous_0)","decl":{"start":{"line":12,"column":23},"end":{"line":12,"column":24}},"loc":{"start":{"line":12,"column":34},"end":{"line":28,"column":3}},"line":12},"1":{"name":"(anonymous_1)","decl":{"start":{"line":17,"column":35},"end":{"line":17,"column":36}},"loc":{"start":{"line":18,"column":8},"end":{"line":18,"column":60}},"line":18},"2":{"name":"(anonymous_2)","decl":{"start":{"line":30,"column":28},"end":{"line":30,"column":29}},"loc":{"start":{"line":30,"column":44},"end":{"line":34,"column":3}},"line":30},"3":{"name":"(anonymous_3)","decl":{"start":{"line":36,"column":2},"end":{"line":36,"column":3}},"loc":{"start":{"line":36,"column":11},"end":{"line":73,"column":3}},"line":36},"4":{"name":"(anonymous_4)","decl":{"start":{"line":54,"column":29},"end":{"line":54,"column":30}},"loc":{"start":{"line":55,"column":14},"end":{"line":61,"column":19}},"line":55},"5":{"name":"(anonymous_5)","decl":{"start":{"line":58,"column":25},"end":{"line":58,"column":26}},"loc":{"start":{"line":58,"column":31},"end":{"line":58,"column":69}},"line":58},"6":{"name":"(anonymous_6)","decl":{"start":{"line":65,"column":23},"end":{"line":65,"column":24}},"loc":{"start":{"line":65,"column":29},"end":{"line":65,"column":75}},"line":65}},"branchMap":{"0":{"loc":{"start":{"line":17,"column":6},"end":{"line":19,"column":13}},"type":"binary-expr","locations":[{"start":{"line":17,"column":6},"end":{"line":19,"column":7}},{"start":{"line":19,"column":11},"end":{"line":19,"column":13}}],"line":17},"1":{"loc":{"start":{"line":22,"column":4},"end":{"line":27,"column":5}},"type":"if","locations":[{"start":{"line":22,"column":4},"end":{"line":27,"column":5}},{"start":{},"end":{}}],"line":22},"2":{"loc":{"start":{"line":23,"column":6},"end":{"line":24,"column":58}},"type":"binary-expr","locations":[{"start":{"line":23,"column":6},"end":{"line":23,"column":32}},{"start":{"line":24,"column":6},"end":{"line":24,"column":58}}],"line":23},"3":{"loc":{"start":{"line":31,"column":25},"end":{"line":31,"column":77}},"type":"cond-expr","locations":[{"start":{"line":31,"column":59},"end":{"line":31,"column":64}},{"start":{"line":31,"column":67},"end":{"line":31,"column":77}}],"line":31},"4":{"loc":{"start":{"line":38,"column":28},"end":{"line":38,"column":70}},"type":"binary-expr","locations":[{"start":{"line":38,"column":28},"end":{"line":38,"column":44}},{"start":{"line":38,"column":48},"end":{"line":38,"column":70}}],"line":38},"5":{"loc":{"start":{"line":52,"column":9},"end":{"line":70,"column":9}},"type":"binary-expr","locations":[{"start":{"line":52,"column":9},"end":{"line":52,"column":24}},{"start":{"line":53,"column":10},"end":{"line":69,"column":15}}],"line":52}},"s":{"0":11,"1":11,"2":52,"3":52,"4":135,"5":52,"6":51,"7":11,"8":2,"9":2,"10":2,"11":66,"12":66,"13":66,"14":42,"15":1,"16":1,"17":2},"f":{"0":52,"1":135,"2":2,"3":66,"4":42,"5":1,"6":1},"b":{"0":[52,0],"1":[51,1],"2":[52,7],"3":[1,1],"4":[66,20],"5":[66,53]},"_coverageSchema":"1a1c01bbd47fc00a2c39e90264f33305004495a9","hash":"25272f96627f69ccde755e481471750d36c805d4"}
,"C:\\Users\\Saguna Nathani\\Desktop\\VS code Carrer Foundry\\meetup-react-app\\src\\components\\Event.jsx": {"path":"C:\\Users\\Saguna Nathani\\Desktop\\VS code Carrer Foundry\\meetup-react-app\\src\\components\\Event.jsx","statementMap":{"0":{"start":{"line":7,"column":40},"end":{"line":7,"column":55}},"1":{"start":{"line":9,"column":21},"end":{"line":11,"column":26}},"2":{"start":{"line":13,"column":2},"end":{"line":30,"column":4}},"3":{"start":{"line":22,"column":23},"end":{"line":22,"column":51}},"4":{"start":{"line":33,"column":0},"end":{"line":44,"column":2}}},"fnMap":{"0":{"name":"Event","decl":{"start":{"line":6,"column":9},"end":{"line":6,"column":14}},"loc":{"start":{"line":6,"column":26},"end":{"line":31,"column":1}},"line":6},"1":{"name":"(anonymous_1)","decl":{"start":{"line":22,"column":17},"end":{"line":22,"column":18}},"loc":{"start":{"line":22,"column":23},"end":{"line":22,"column":51}},"line":22}},"branchMap":{"0":{"loc":{"start":{"line":9,"column":21},"end":{"line":11,"column":26}},"type":"cond-expr","locations":[{"start":{"line":10,"column":6},"end":{"line":10,"column":53}},{"start":{"line":11,"column":6},"end":{"line":11,"column":26}}],"line":9},"1":{"loc":{"start":{"line":18,"column":9},"end":{"line":18,"column":51}},"type":"binary-expr","locations":[{"start":{"line":18,"column":9},"end":{"line":18,"column":23}},{"start":{"line":18,"column":27},"end":{"line":18,"column":51}}],"line":18},"2":{"loc":{"start":{"line":24,"column":9},"end":{"line":24,"column":54}},"type":"cond-expr","locations":[{"start":{"line":24,"column":23},"end":{"line":24,"column":37}},{"start":{"line":24,"column":40},"end":{"line":24,"column":54}}],"line":24},"3":{"loc":{"start":{"line":26,"column":7},"end":{"line":28,"column":7}},"type":"binary-expr","locations":[{"start":{"line":26,"column":7},"end":{"line":26,"column":18}},{"start":{"line":26,"column":22},"end":{"line":26,"column":39}},{"start":{"line":27,"column":8},"end":{"line":27,"column":64}}],"line":26}},"s":{"0":8,"1":8,"2":8,"3":2,"4":1},"f":{"0":8,"1":2},"b":{"0":[7,1],"1":[8,1],"2":[1,7],"3":[8,1,1]},"_coverageSchema":"1a1c01bbd47fc00a2c39e90264f33305004495a9","hash":"147bbbb0847fe746f9feab0cdef94949b8192929"}
,"C:\\Users\\Saguna Nathani\\Desktop\\VS code Carrer Foundry\\meetup-react-app\\src\\components\\EventList.jsx": {"path":"C:\\Users\\Saguna Nathani\\Desktop\\VS code Carrer Foundry\\meetup-react-app\\src\\components\\EventList.jsx","statementMap":{"0":{"start":{"line":5,"column":18},"end":{"line":22,"column":1}},"1":{"start":{"line":6,"column":2},"end":{"line":21,"column":4}},"2":{"start":{"line":9,"column":8},"end":{"line":18,"column":13}},"3":{"start":{"line":24,"column":0},"end":{"line":36,"column":2}}},"fnMap":{"0":{"name":"(anonymous_0)","decl":{"start":{"line":5,"column":18},"end":{"line":5,"column":19}},"loc":{"start":{"line":5,"column":34},"end":{"line":22,"column":1}},"line":5},"1":{"name":"(anonymous_1)","decl":{"start":{"line":8,"column":18},"end":{"line":8,"column":19}},"loc":{"start":{"line":9,"column":8},"end":{"line":18,"column":13}},"line":9}},"branchMap":{},"s":{"0":2,"1":4,"2":12,"3":2},"f":{"0":4,"1":12},"b":{},"_coverageSchema":"1a1c01bbd47fc00a2c39e90264f33305004495a9","hash":"fcadd1582ca675bc7ef6a7c7cc5bd411c1a8d12a"}
,"C:\\Users\\Saguna Nathani\\Desktop\\VS code Carrer Foundry\\meetup-react-app\\src\\components\\NumberOfEvents.jsx": {"path":"C:\\Users\\Saguna Nathani\\Desktop\\VS code Carrer Foundry\\meetup-react-app\\src\\components\\NumberOfEvents.jsx","statementMap":{"0":{"start":{"line":4,"column":23},"end":{"line":22,"column":1}},"1":{"start":{"line":5,"column":23},"end":{"line":8,"column":3}},"2":{"start":{"line":6,"column":18},"end":{"line":6,"column":44}},"3":{"start":{"line":7,"column":4},"end":{"line":7,"column":26}},"4":{"start":{"line":10,"column":2},"end":{"line":21,"column":4}},"5":{"start":{"line":24,"column":0},"end":{"line":27,"column":2}}},"fnMap":{"0":{"name":"(anonymous_0)","decl":{"start":{"line":4,"column":23},"end":{"line":4,"column":24}},"loc":{"start":{"line":4,"column":55},"end":{"line":22,"column":1}},"line":4},"1":{"name":"(anonymous_1)","decl":{"start":{"line":5,"column":23},"end":{"line":5,"column":24}},"loc":{"start":{"line":5,"column":34},"end":{"line":8,"column":3}},"line":5}},"branchMap":{},"s":{"0":2,"1":7,"2":4,"3":4,"4":7,"5":2},"f":{"0":7,"1":4},"b":{},"_coverageSchema":"1a1c01bbd47fc00a2c39e90264f33305004495a9","hash":"a9cd1d002abcdcb7ec4515056be18a7e929157e5"}
}
