TN:
SF:src\App.jsx
FN:8,App
FN:16,(anonymous_1)
FN:17,(anonymous_2)
FN:34,(anonymous_3)
FN:50,(anonymous_4)
FNF:5
FNH:5
FNDA:20,App
FNDA:6,(anonymous_1)
FNDA:6,(anonymous_2)
FNDA:12,(anonymous_3)
FNDA:236,(anonymous_4)
DA:9,20
DA:10,19
DA:11,19
DA:12,19
DA:13,19
DA:14,19
DA:16,19
DA:17,6
DA:18,6
DA:19,6
DA:20,6
DA:21,6
DA:23,0
DA:25,6
DA:28,6
DA:32,19
DA:34,12
DA:36,19
DA:38,19
DA:50,236
LF:20
LH:19
BRDA:21,0,0,6
BRDA:21,0,1,0
BRDA:32,1,0,18
BRDA:32,1,1,1
BRDA:44,2,0,19
BRDA:44,2,1,0
BRDA:45,3,0,19
BRDA:45,3,1,1
BRDA:61,4,0,19
BRDA:61,4,1,6
BRDA:63,5,0,19
BRDA:63,5,1,13
BRDA:63,5,2,13
BRDA:67,6,0,19
BRDA:67,6,1,13
BRDA:67,6,2,0
BRF:16
BRH:13
end_of_record
TN:
SF:src\api.js
FN:7,(anonymous_0)
FN:23,(anonymous_1)
FN:43,(anonymous_2)
FN:79,(anonymous_3)
FN:91,(anonymous_4)
FNF:5
FNH:1
FNDA:0,(anonymous_0)
FNDA:0,(anonymous_1)
FNDA:0,(anonymous_2)
FNDA:0,(anonymous_3)
FNDA:2,(anonymous_4)
DA:7,1
DA:8,0
DA:9,0
DA:12,0
DA:13,0
DA:15,0
DA:16,0
DA:23,1
DA:24,0
DA:25,0
DA:26,0
DA:29,0
DA:30,0
DA:32,0
DA:33,0
DA:34,0
DA:36,0
DA:43,1
DA:44,0
DA:45,0
DA:48,0
DA:49,0
DA:51,0
DA:52,0
DA:54,0
DA:56,0
DA:59,0
DA:60,0
DA:61,0
DA:62,0
DA:66,0
DA:69,0
DA:72,0
DA:79,1
DA:81,0
DA:85,0
DA:91,1
DA:92,2
DA:95,2
DA:96,2
DA:99,0
DA:100,0
DA:103,0
DA:104,0
DA:105,0
DA:106,0
DA:107,0
DA:110,0
DA:111,0
DA:112,0
DA:113,0
LF:51
LH:8
BRDA:29,0,0,0
BRDA:29,0,1,0
BRDA:33,1,0,0
BRDA:33,1,1,0
BRDA:45,2,0,0
BRDA:45,2,1,0
BRDA:48,3,0,0
BRDA:48,3,1,0
BRDA:48,4,0,0
BRDA:48,4,1,0
BRDA:54,5,0,0
BRDA:54,5,1,0
BRDA:95,6,0,2
BRDA:95,6,1,0
BRDA:100,7,0,0
BRDA:100,7,1,0
BRDA:104,8,0,0
BRDA:104,8,1,0
BRDA:104,9,0,0
BRDA:104,9,1,0
BRDA:107,10,0,0
BRDA:107,10,1,0
BRDA:113,11,0,0
BRDA:113,11,1,0
BRF:24
BRH:1
end_of_record
TN:
SF:src\mock-data.js
FNF:0
FNH:0
DA:2,4
DA:30,4
DA:164,4
DA:167,4
LF:4
LH:4
BRF:0
BRH:0
end_of_record
TN:
SF:src\components\CitySearch.jsx
FN:10,(anonymous_0)
FN:14,(anonymous_1)
FN:35,(anonymous_2)
FN:44,(anonymous_3)
FN:68,(anonymous_4)
FN:72,(anonymous_5)
FN:79,(anonymous_6)
FNF:7
FNH:7
FNDA:66,(anonymous_0)
FNDA:275,(anonymous_1)
FNDA:3,(anonymous_2)
FNDA:94,(anonymous_3)
FNDA:82,(anonymous_4)
FNDA:2,(anonymous_5)
FNDA:1,(anonymous_6)
DA:5,16
DA:10,16
DA:11,66
DA:14,66
DA:15,275
DA:18,66
DA:22,65
DA:26,66
DA:27,26
DA:31,40
DA:35,16
DA:36,3
DA:37,3
DA:38,3
DA:41,3
DA:45,94
DA:46,94
DA:48,94
DA:69,82
DA:72,2
DA:79,1
DA:90,4
LF:22
LH:22
BRDA:14,0,0,66
BRDA:14,0,1,0
BRDA:18,1,0,65
BRDA:18,1,1,1
BRDA:19,2,0,66
BRDA:19,2,1,9
BRDA:26,3,0,26
BRDA:26,3,1,40
BRDA:36,4,0,1
BRDA:36,4,1,2
BRDA:46,5,0,94
BRDA:46,5,1,35
BRDA:61,6,0,94
BRDA:61,6,1,68
BRF:14
BRH:13
end_of_record
TN:
SF:src\components\Event.jsx
FN:4,Event
FN:22,(anonymous_1)
FNF:2
FNH:2
FNDA:193,Event
FNDA:5,(anonymous_1)
DA:5,193
DA:7,193
DA:14,193
DA:22,5
DA:34,6
LF:5
LH:5
BRDA:7,0,0,192
BRDA:7,0,1,1
BRDA:18,1,0,193
BRDA:18,1,1,1
BRDA:24,2,0,3
BRDA:24,2,1,190
BRDA:27,3,0,193
BRDA:27,3,1,3
BRDA:27,3,2,3
BRF:9
BRH:9
end_of_record
TN:
SF:src\components\EventList.jsx
FN:4,(anonymous_0)
FN:7,(anonymous_1)
FNF:2
FNH:2
FNDA:16,(anonymous_0)
FNDA:182,(anonymous_1)
DA:4,5
DA:5,16
DA:8,182
DA:16,5
LF:4
LH:4
BRF:0
BRH:0
end_of_record
TN:
SF:src\components\InfoAlert.jsx
FN:5,(anonymous_0)
FN:11,(anonymous_1)
FN:25,(anonymous_2)
FN:39,(anonymous_3)
FN:47,(anonymous_4)
FNF:5
FNH:4
FNDA:1,(anonymous_0)
FNDA:1,(anonymous_1)
FNDA:1,(anonymous_2)
FNDA:0,(anonymous_3)
FNDA:1,(anonymous_4)
DA:6,1
DA:7,1
DA:8,1
DA:11,1
DA:26,1
DA:34,3
DA:40,0
DA:41,0
DA:42,0
DA:48,1
DA:49,1
DA:50,1
LF:12
LH:9
BRF:0
BRH:0
end_of_record
TN:
SF:src\components\NumberOfEvents.jsx
FN:4,(anonymous_0)
FN:8,(anonymous_1)
FN:12,(anonymous_2)
FNF:3
FNH:3
FNDA:27,(anonymous_0)
FNDA:12,(anonymous_1)
FNDA:7,(anonymous_2)
DA:4,4
DA:5,27
DA:8,27
DA:9,12
DA:12,27
DA:13,7
DA:14,7
DA:16,7
DA:18,7
DA:19,2
DA:21,5
DA:22,5
DA:26,27
DA:40,4
LF:14
LH:14
BRDA:18,0,0,2
BRDA:18,0,1,5
BRDA:18,1,0,7
BRDA:18,1,1,5
BRF:4
BRH:4
end_of_record
