TN:
SF:src\App.jsx
FN:7,App
FN:13,(anonymous_1)
FN:14,(anonymous_2)
FN:21,(anonymous_3)
FNF:4
FNH:4
FNDA:3,App
FNDA:1,(anonymous_1)
FNDA:1,(anonymous_2)
FNDA:32,(anonymous_3)
DA:8,3
DA:9,3
DA:11,3
DA:13,3
DA:14,1
DA:15,1
DA:16,1
DA:18,1
DA:21,32
DA:22,3
DA:24,3
LF:11
LH:11
BRF:0
BRH:0
end_of_record
TN:
SF:src\components\CitySearch.jsx
FN:10,(anonymous_0)
FN:15,(anonymous_1)
FN:28,(anonymous_2)
FN:34,(anonymous_3)
FN:52,(anonymous_4)
FN:56,(anonymous_5)
FN:63,(anonymous_6)
FNF:7
FNH:7
FNDA:52,(anonymous_0)
FNDA:135,(anonymous_1)
FNDA:2,(anonymous_2)
FNDA:66,(anonymous_3)
FNDA:42,(anonymous_4)
FNDA:1,(anonymous_5)
FNDA:1,(anonymous_6)
DA:5,11
DA:10,11
DA:11,52
DA:15,52
DA:16,135
DA:20,52
DA:24,51
DA:28,11
DA:29,2
DA:30,2
DA:31,2
DA:35,66
DA:36,66
DA:38,66
DA:53,42
DA:56,1
DA:63,1
DA:74,2
LF:18
LH:18
BRDA:15,0,0,52
BRDA:15,0,1,0
BRDA:20,1,0,51
BRDA:20,1,1,1
BRDA:21,2,0,52
BRDA:21,2,1,7
BRDA:29,3,0,1
BRDA:29,3,1,1
BRDA:36,4,0,66
BRDA:36,4,1,20
BRDA:50,5,0,66
BRDA:50,5,1,53
BRF:12
BRH:11
end_of_record
TN:
SF:src\components\Event.jsx
FN:4,Event
FN:20,(anonymous_1)
FNF:2
FNH:2
FNDA:8,Event
FNDA:2,(anonymous_1)
DA:5,8
DA:7,8
DA:11,8
DA:20,2
DA:31,1
LF:5
LH:5
BRDA:7,0,0,7
BRDA:7,0,1,1
BRDA:16,1,0,8
BRDA:16,1,1,1
BRDA:22,2,0,1
BRDA:22,2,1,7
BRDA:24,3,0,8
BRDA:24,3,1,1
BRDA:24,3,2,1
BRF:9
BRH:9
end_of_record
TN:
SF:src\components\EventList.jsx
FN:3,(anonymous_0)
FN:6,(anonymous_1)
FNF:2
FNH:2
FNDA:4,(anonymous_0)
FNDA:12,(anonymous_1)
DA:3,2
DA:4,4
DA:7,12
DA:22,2
LF:4
LH:4
BRF:0
BRH:0
end_of_record
TN:
SF:src\components\NumberOfEvents.jsx
FN:3,(anonymous_0)
FN:4,(anonymous_1)
FNF:2
FNH:2
FNDA:7,(anonymous_0)
FNDA:4,(anonymous_1)
DA:3,2
DA:4,7
DA:5,4
DA:6,4
DA:9,7
DA:23,2
LF:6
LH:6
BRF:0
BRH:0
end_of_record
